* using log directory '/Users/icortes/Desktop/conformal/conformal.Rcheck'
* using R version 3.0.1 (2013-05-16)
* using platform: x86_64-apple-darwin10.8.0 (64-bit)
* using session charset: ASCII
* checking for file 'conformal/DESCRIPTION' ... OK
* checking extension type ... Package
* this is package 'conformal' version '0.1'
* checking package namespace information ... OK
* checking package dependencies ... OK
* checking if this is a source package ... OK
* checking if there is a namespace ... OK
* checking for executable files ... OK
* checking for hidden files and directories ... OK
* checking for portable file names ... OK
* checking for sufficient/correct file permissions ... OK
* checking whether package 'conformal' can be installed ... OK
* checking installed package size ... OK
* checking package directory ... OK
* checking DESCRIPTION meta-information ... OK
* checking top-level files ... OK
* checking for left-over files ... OK
* checking index information ... OK
* checking package subdirectories ... OK
* checking R files for non-ASCII characters ... OK
* checking R files for syntax errors ... OK
* checking whether the package can be loaded ... OK
* checking whether the package can be loaded with stated dependencies ... OK
* checking whether the package can be unloaded cleanly ... OK
* checking whether the namespace can be loaded with stated dependencies ... OK
* checking whether the namespace can be unloaded cleanly ... OK
* checking for unstated dependencies in R code ... OK
* checking S3 generic/method consistency ... OK
* checking replacement functions ... OK
* checking foreign function calls ... OK
* checking R code for possible problems ... OK
* checking Rd files ... OK
* checking Rd metadata ... OK
* checking Rd cross-references ... OK
* checking for missing documentation entries ... WARNING
Undocumented data sets:
  'LogSDescsTest' 'LogSDescsTrain' 'LogSTest' 'LogSTrain'
Undocumented S4 classes:
  'ConformalClassification' 'ConformalRegression'
All user-level objects in a package (including S4 classes and methods)
should have documentation entries.
See the chapter 'Writing R documentation files' in the 'Writing R
Extensions' manual.
* checking for code/documentation mismatches ... OK
* checking Rd \usage sections ... OK
* checking Rd contents ... OK
* checking for unstated dependencies in examples ... OK
* checking contents of 'data' directory ... OK
* checking data for non-ASCII characters ... OK
* checking data for ASCII and uncompressed saves ... WARNING
  
  Note: significantly better compression could be obtained
        by using R CMD build --resave-data
             old_size new_size compress
  LogS.RData   1003Kb    869Kb       xz
* checking examples ... ERROR
Running examples in 'conformal-Ex.R' failed
The error most likely occurred in:

> ### Name: ConformalClassification
> ### Title: Class '"ConformalClassification"': Conformal Prediction for
> ###   Classification
> ### Aliases: ConformalClassification
> 
> ### ** Examples
> 
> # Optional for parallel training
> #library(doMC)
> #registerDoMC(cores=4)
> 
> data(LogS)
> 
> # convert data to categorical
> LogSTrain[LogSTrain > -4] <- 1
> LogSTrain[LogSTrain <= -4] <- 2
> LogSTest[LogSTest > -4] <- 1
> LogSTest[LogSTest <= -4] <- 2
> 
> LogSTrain <- factor(LogSTrain)
> LogSTest <- factor(LogSTest)
> 
> algorithm <- "rf"
> 
> trControl <- trainControl(method = "cv",  number=5,savePredictions=TRUE)
> set.seed(3)
> model <- train(LogSDescsTrain, LogSTrain, 
+          algorithm,type="classification", 
+          trControl=trControl,predict.all=TRUE,
+          keep.forest=TRUE,norm.votes=TRUE,
+          ntree=500)

Execution halted
